<?xml version="1.0" encoding="UTF-8"?>
<!-- Generated by org.testng.reporters.JUnitReportReporter -->
<testsuite skipped="0" hostname="LAPTOP-B574IVM6" name="display.DisplayDropdown" tests="3" failures="0" timestamp="2020-11-10T00:47:27 IST" time="68.454" errors="0">
  <testcase name="notePrice" time="20.142" classname="display.DisplayDropdown"/>
  <system-out/>
  <testcase name="notePrice" time="25.832" classname="display.DisplayDropdown"/>
  <system-out/>
  <testcase name="notePrice" time="22.480" classname="display.DisplayDropdown"/>
  <system-out/>
</testsuite> <!-- display.DisplayDropdown -->
