<?xml version="1.0" encoding="UTF-8"?>
<!-- Generated by org.testng.reporters.JUnitReportReporter -->
<testsuite skipped="0" hostname="LAPTOP-B574IVM6" name="DisplayFilter" tests="1" failures="0" timestamp="2020-11-08T23:59:01 IST" time="24.283" errors="0">
  <testcase name="verifySort" time="24.283" classname="DisplayFilter"/>
  <system-out/>
</testsuite> <!-- DisplayFilter -->
